
> convertaro@0.1.0 build
> next build

ฮ“รปโ–“ Next.js 16.1.7 (Turbopack)

  Creating an optimized production build ...
ฮ“ยฃรด Compiled successfully in 4.0s
  Running TypeScript ...
  Collecting page data using 15 workers ...
  Generating static pages using 15 workers (0/520) ...
  Generating static pages using 15 workers (130/520) 
  Generating static pages using 15 workers (260/520) 
  Generating static pages using 15 workers (390/520) 
ฮ“ยฃรด Generating static pages using 15 workers (520/520) in 5.9s
  Finalizing page optimization ...

Route (app)
ฮ“รถรฎ ฮ“รนรฏ /
ฮ“รถยฃ ฮ“รนรฏ /_not-found
ฮ“รถยฃ ฮ“รนร… /[category]
ฮ“รถรฉ ฮ“รถยฃ /length
ฮ“รถรฉ ฮ“รถยฃ /weight
ฮ“รถรฉ ฮ“รถยฃ /temperature
ฮ“รถรฉ ฮ“รถรถ [+7 more paths]
ฮ“รถยฃ ฮ“รนร… /[category]/[converter]
ฮ“รถรฉ ฮ“รถยฃ /length/cm-to-inches
ฮ“รถรฉ ฮ“รถยฃ /length/cm-to-m
ฮ“รถรฉ ฮ“รถยฃ /length/cm-to-feet
ฮ“รถรฉ ฮ“รถรถ [+497 more paths]
ฮ“รถยฃ ฮ“รนรฏ /about
ฮ“รถยฃ ฮ“รนรฏ /contact
ฮ“รถยฃ ฮ“รนรฏ /privacy
ฮ“รถยฃ ฮ“รนรฏ /robots.txt
ฮ“รถยฃ ฮ“รนรฏ /sitemap.xml
ฮ“รถรถ ฮ“รนรฏ /terms


ฮ“รนรฏ  (Static)  prerendered as static content
ฮ“รนร…  (SSG)     prerendered as static HTML (uses generateStaticParams)

